[debug] [2025-04-03T17:22:19.833Z] ----------------------------------------------------------------------
[debug] [2025-04-03T17:22:19.837Z] Command:       C:\Program Files\nodejs\node.exe C:\Users\Rohit\AppData\Roaming\npm\node_modules\firebase-tools\lib\bin\firebase.js init
[debug] [2025-04-03T17:22:19.837Z] CLI Version:   13.17.0
[debug] [2025-04-03T17:22:19.838Z] Platform:      win32
[debug] [2025-04-03T17:22:19.838Z] Node Version:  v20.11.0
[debug] [2025-04-03T17:22:19.838Z] Time:          Thu Apr 03 2025 22:52:19 GMT+0530 (India Standard Time)
[debug] [2025-04-03T17:22:19.838Z] ----------------------------------------------------------------------
[debug] 
[debug] [2025-04-03T17:22:19.843Z] > command requires scopes: ["email","openid","https://www.googleapis.com/auth/cloudplatformprojects.readonly","https://www.googleapis.com/auth/firebase","https://www.googleapis.com/auth/cloud-platform"]
[debug] [2025-04-03T17:22:19.844Z] > authorizing via signed-in user (rohitvijayanofficial@gmail.com)
[info] 
     ######## #### ########  ######## ########     ###     ######  ########
     ##        ##  ##     ## ##       ##     ##  ##   ##  ##       ##
     ######    ##  ########  ######   ########  #########  ######  ######
     ##        ##  ##    ##  ##       ##     ## ##     ##       ## ##
     ##       #### ##     ## ######## ########  ##     ##  ######  ########

You're about to initialize a Firebase project in this directory:

  D:\PROJECTS\REACT\Portfolio-v2

[info] 
=== Project Setup
[info] 
[info] First, let's associate this project directory with a Firebase project.
[info] You can create multiple project aliases by running firebase use --add, 
[info] but for now we'll just set up a default project.
[info] 
[debug] [2025-04-03T17:22:29.452Z] >>> [apiv2][query] GET https://firebase.googleapis.com/v1beta1/projects pageSize=100
[debug] [2025-04-03T17:22:30.082Z] <<< [apiv2][status] GET https://firebase.googleapis.com/v1beta1/projects 200
[debug] [2025-04-03T17:22:30.082Z] <<< [apiv2][body] GET https://firebase.googleapis.com/v1beta1/projects [omitted]
[info] i  Using project portfolio-395f0 (portfolio) 
[info] 
=== Hosting Setup
[debug] [2025-04-03T17:22:31.550Z] >>> [apiv2][query] GET https://firebase.googleapis.com/v1beta1/projects/portfolio-395f0 [none]
[debug] [2025-04-03T17:22:32.068Z] <<< [apiv2][status] GET https://firebase.googleapis.com/v1beta1/projects/portfolio-395f0 200
[debug] [2025-04-03T17:22:32.069Z] <<< [apiv2][body] GET https://firebase.googleapis.com/v1beta1/projects/portfolio-395f0 {"projectId":"portfolio-395f0","projectNumber":"721903478127","displayName":"portfolio","name":"projects/portfolio-395f0","resources":{"hostingSite":"portfolio-395f0"},"state":"ACTIVE","etag":"1_3a89801b-0c07-44c7-8637-795fdc6e1fbf"}
[info] 
[info] Your public directory is the folder (relative to your project directory) that
[info] will contain Hosting assets to be uploaded with firebase deploy. If you
[info] have a build process for your assets, use your build's output directory.
[info] 
[debug] [2025-04-03T17:24:04.051Z] >>> [apiv2][query] GET https://www.gstatic.com/firebasejs/releases.json [none]
[debug] [2025-04-03T17:24:04.173Z] <<< [apiv2][status] GET https://www.gstatic.com/firebasejs/releases.json 200
[debug] [2025-04-03T17:24:04.173Z] <<< [apiv2][body] GET https://www.gstatic.com/firebasejs/releases.json {"current":{"version":"11.6.0","browserURL":"https://www.gstatic.com/firebasejs/11.6.0/firebase.js","packageURL":"https://www.gstatic.com/firebasejs/11.6.0/firebase.tgz"},"live":{"version":"11.6","browserURL":"https://www.gstatic.com/firebasejs/live/11.6/firebase.js","packageURL":"https://www.gstatic.com/firebasejs/live/11.6/firebase.tgz"},"components":{"analytics":"https://www.gstatic.com/firebasejs/11.6.0/firebase-analytics.js","app":"https://www.gstatic.com/firebasejs/11.6.0/firebase-app.js","app-check":"https://www.gstatic.com/firebasejs/11.6.0/firebase-app-check.js","auth":"https://www.gstatic.com/firebasejs/11.6.0/firebase-auth.js","auth/cordova":"https://www.gstatic.com/firebasejs/11.6.0/firebase-auth/cordova.js","auth/web-extension":"https://www.gstatic.com/firebasejs/11.6.0/firebase-auth/web-extension.js","functions":"https://www.gstatic.com/firebasejs/11.6.0/firebase-functions.js","firestore":"https://www.gstatic.com/firebasejs/11.6.0/firebase-firestore.js","firestore/lite":"https://www.gstatic.com/firebasejs/11.6.0/firebase-firestore/lite.js","installations":"https://www.gstatic.com/firebasejs/11.6.0/firebase-installations.js","storage":"https://www.gstatic.com/firebasejs/11.6.0/firebase-storage.js","performance":"https://www.gstatic.com/firebasejs/11.6.0/firebase-performance.js","remote-config":"https://www.gstatic.com/firebasejs/11.6.0/firebase-remote-config.js","messaging":"https://www.gstatic.com/firebasejs/11.6.0/firebase-messaging.js","messaging/sw":"https://www.gstatic.com/firebasejs/11.6.0/firebase-messaging/sw.js","database":"https://www.gstatic.com/firebasejs/11.6.0/firebase-database.js","vertexai":"https://www.gstatic.com/firebasejs/11.6.0/firebase-vertexai.js","data-connect":"https://www.gstatic.com/firebasejs/11.6.0/firebase-data-connect.js","firestore.memory":"https://www.gstatic.com/firebasejs/11.6.0/firebase-firestore.memory.js"}}
[info] +  Wrote build/index.html 
[info] 
[info] i  Detected a .git folder at D:\PROJECTS\REACT\Portfolio-v2 
[info] i  Authorizing with GitHub to upload your service account to a GitHub repository's secrets store. 
[info] 
[info] Visit this URL on this device to log in:
[info] https://github.com/login/oauth/authorize?client_id=89cf50f02ac6aaed3484&state=880088111&redirect_uri=http%3A%2F%2Flocalhost%3A9005&scope=read%3Auser%20repo%20public_repo
[info] 
[info] Waiting for authentication...
[debug] [2025-04-03T17:24:05.469Z] >>> [apiv2][query] POST https://github.com/login/oauth/access_token [none]
[debug] [2025-04-03T17:24:05.469Z] >>> [apiv2][body] POST https://github.com/login/oauth/access_token [stream]
[debug] [2025-04-03T17:24:06.060Z] <<< [apiv2][status] POST https://github.com/login/oauth/access_token 200
[debug] [2025-04-03T17:24:06.060Z] <<< [apiv2][body] POST https://github.com/login/oauth/access_token {"access_token":"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","token_type":"bearer","scope":"read:user,repo"}
[debug] [2025-04-03T17:24:06.070Z] >>> [apiv2][query] GET https://api.github.com/user [none]
[debug] [2025-04-03T17:24:06.547Z] <<< [apiv2][status] GET https://api.github.com/user 200
[debug] [2025-04-03T17:24:06.548Z] <<< [apiv2][body] GET https://api.github.com/user {"login":"rohitvijayan1111","id":97788571,"node_id":"U_kgDOBdQimw","avatar_url":"https://avatars.githubusercontent.com/u/97788571?v=4","gravatar_id":"","url":"https://api.github.com/users/rohitvijayan1111","html_url":"https://github.com/rohitvijayan1111","followers_url":"https://api.github.com/users/rohitvijayan1111/followers","following_url":"https://api.github.com/users/rohitvijayan1111/following{/other_user}","gists_url":"https://api.github.com/users/rohitvijayan1111/gists{/gist_id}","starred_url":"https://api.github.com/users/rohitvijayan1111/starred{/owner}{/repo}","subscriptions_url":"https://api.github.com/users/rohitvijayan1111/subscriptions","organizations_url":"https://api.github.com/users/rohitvijayan1111/orgs","repos_url":"https://api.github.com/users/rohitvijayan1111/repos","events_url":"https://api.github.com/users/rohitvijayan1111/events{/privacy}","received_events_url":"https://api.github.com/users/rohitvijayan1111/received_events","type":"User","user_view_type":"private","site_admin":false,"name":"Rohit Vijayan","company":null,"blog":"","location":null,"email":null,"hireable":null,"bio":"As a second-year computer science engineering student, I am passionate about learning and innovation. ","twitter_username":null,"notification_email":null,"public_repos":23,"public_gists":0,"followers":2,"following":2,"created_at":"2022-01-15T11:35:56Z","updated_at":"2025-01-27T10:30:37Z","private_gists":0,"total_private_repos":3,"owned_private_repos":2,"disk_usage":265804,"collaborators":1,"two_factor_authentication":false,"plan":{"name":"free","space":976562499,"collaborators":0,"private_repos":10000}}
[info] 
[info] +  Success! Logged into GitHub as rohitvijayan1111 
[info] 
